<?xml version="1.0" encoding="UTF-8"?>
<!-- Generated by org.testng.reporters.JUnitXMLReporter -->
<testsuite ignored="1" hostname="DESKTOP-PQAQEE1" failures="1" tests="2" name="Default test(failed)" time="0.155" errors="0" timestamp="2022-07-23T12:15:10 WAT">
  <testcase classname="demo3.TestNGRerunDemo" name="test3" time="0.022">
    <failure type="java.lang.AssertionError" message="expected [true] but found [false]">
      <![CDATA[java.lang.AssertionError: expected [true] but found [false]
at demo3.TestNGRerunDemo.test3(TestNGRerunDemo.java:19)
at java.base/java.util.ArrayList.forEach(ArrayList.java:1511)
... Removed 31 stack frames]]>
    </failure>
  </testcase> <!-- test3 -->
  <testcase classname="demo3.TestNGRerunDemo" name="test2" time="0.009"/>
  <testcase classname="demo3.TestNGRerunDemo" name="test1" time="0.0">
    <ignored/>
  </testcase> <!-- test1 -->
</testsuite> <!-- Default test(failed) -->
