<?xml version="1.0" encoding="UTF-8"?>
<testng-results ignored="0" total="1" passed="1" failed="0" skipped="0">
  <reporter-output>
  </reporter-output>
  <suite started-at="2022-07-27T11:19:37 WAT" name="Default suite" finished-at="2022-07-27T11:20:51 WAT" duration-ms="73309">
    <groups>
    </groups>
    <test started-at="2022-07-27T11:19:37 WAT" name="Default test" finished-at="2022-07-27T11:20:51 WAT" duration-ms="73309">
      <class name="demo3.AutoITDemo">
        <test-method signature="test()[pri:0, instance:demo3.AutoITDemo@18d87d80]" started-at="2022-07-27T11:19:37 WAT" name="test" finished-at="2022-07-27T11:20:50 WAT" duration-ms="73194" status="PASS">
          <reporter-output>
          </reporter-output>
        </test-method> <!-- test -->
      </class> <!-- demo3.AutoITDemo -->
    </test> <!-- Default test -->
  </suite> <!-- Default suite -->
</testng-results>
