<?xml version="1.0" encoding="UTF-8"?>
<!-- Generated by org.testng.reporters.JUnitXMLReporter -->
<testsuite ignored="0" hostname="DESKTOP-PQAQEE1" failures="1" tests="8" name="Test" time="12.674" errors="0" timestamp="2022-07-22T17:08:25 WAT">
  <testcase classname="Listener.TestNGListenersDemo" name="Test1" time="0.016"/>
  <testcase classname="Listener.TestNGListenersDemo" name="Test2" time="0.008">
    <failure type="java.lang.AssertionError" message="expected [true] but found [false]">
      <![CDATA[java.lang.AssertionError: expected [true] but found [false]
at Listener.TestNGListenersDemo.Test2(TestNGListenersDemo.java:15)
at java.base/java.util.ArrayList.forEach(ArrayList.java:1511)
... Removed 31 stack frames]]>
    </failure>
  </testcase> <!-- Test2 -->
  <testcase classname="Listener.TestNGListenersDemo" name="Test3" time="0.003"/>
  <testcase classname="Listener.TestNGListenersDemo" name="Test4" time="0.002"/>
  <testcase classname="Listener.TestNGListenersDemo2" name="Test5" time="12.521"/>
  <testcase classname="Listener.TestNGListenersDemo2" name="Test6" time="0.001"/>
  <testcase classname="Listener.TestNGListenersDemo2" name="Test7" time="0.002"/>
  <testcase classname="Listener.TestNGListenersDemo2" name="Test8" time="0.003"/>
</testsuite> <!-- Test -->
