<?xml version="1.0" encoding="UTF-8"?>
<!-- Generated by org.testng.reporters.JUnitXMLReporter -->
<testsuite ignored="2" hostname="DESKTOP-PQAQEE1" failures="0" tests="2" name="Test3" time="0.143" errors="0" timestamp="2022-07-23T09:51:11 WAT">
  <testcase classname="demo3.testNGGroupsDemo" name="Test2" time="0.02"/>
  <testcase classname="demo3.testNGGroupsDemo" name="Test3" time="0.004"/>
  <testcase classname="demo3.testNGGroupsDemo" name="Test1" time="0.0">
    <ignored/>
  </testcase> <!-- Test1 -->
  <testcase classname="demo3.testNGGroupsDemo" name="Test4" time="0.0">
    <ignored/>
  </testcase> <!-- Test4 -->
</testsuite> <!-- Test3 -->
